CRITICAL - 2022-02-02 03:22:24 --> Call to undefined function CodeIgniter\Debug\array_key_first()
#0 /var/www/html/codeigniter/system/Debug/Toolbar.php(275): CodeIgniter\Debug\Toolbar->structureTimelineData(Array)
#1 /var/www/html/codeigniter/system/Debug/Toolbar.php(170): CodeIgniter\Debug\Toolbar->collectTimelineData(Array)
#2 /var/www/html/codeigniter/system/Debug/Toolbar/Views/toolbar.tpl.php(96): CodeIgniter\Debug\Toolbar->renderTimeline(Array, 1643793744.2529, 6, 10, Array)
#3 /var/www/html/codeigniter/system/Debug/Toolbar.php(501): include('/var/www/html/c...')
#4 /var/www/html/codeigniter/system/Debug/Toolbar.php(464): CodeIgniter\Debug\Toolbar->format(Array, 'html')
#5 /var/www/html/codeigniter/app/Config/Events.php(48): CodeIgniter\Debug\Toolbar->respond()
#6 /var/www/html/codeigniter/system/Events/Events.php(149): CodeIgniter\Events\Events::Config\{closure}()
#7 /var/www/html/codeigniter/system/CodeIgniter.php(302): CodeIgniter\Events\Events::trigger('pre_system')
#8 /var/www/html/codeigniter/index.php(37): CodeIgniter\CodeIgniter->run()
#9 {main}
CRITICAL - 2022-02-02 03:22:24 --> Uncaught ErrorException: setcookie() expects parameter 3 to be integer, array given in /var/www/html/codeigniter/system/HTTP/ResponseTrait.php:743
Stack trace:
#0 [internal function]: CodeIgniter\Debug\Exceptions->errorHandler(2, 'setcookie() exp...', '/var/www/html/c...', 743, Array)
#1 /var/www/html/codeigniter/system/HTTP/ResponseTrait.php(743): setcookie('csrf_cookie_nam...', '7cbfcc13cf7ab3e...', Array)
#2 /var/www/html/codeigniter/system/HTTP/ResponseTrait.php(719): CodeIgniter\HTTP\Response->doSetCookie('csrf_cookie_nam...', '7cbfcc13cf7ab3e...', Array)
#3 /var/www/html/codeigniter/system/HTTP/ResponseTrait.php(699): CodeIgniter\HTTP\Response->dispatchCookies()
#4 /var/www/html/codeigniter/system/HTTP/ResponseTrait.php(443): CodeIgniter\HTTP\Response->sendCookies()
#5 /var/www/html/codeigniter/system/Debug/Exceptions.php(115): CodeIgniter\HTTP\Response->send()
#6 [internal function]: CodeIgniter\Debug\Exceptions->exceptionHandler(Object(Error))
#7 {main}
  thrown
#0 [internal function]: CodeIgniter\Debug\Exceptions->shutdownHandler()
#1 {main}
CRITICAL - 2022-02-02 03:23:09 --> Call to undefined function CodeIgniter\Debug\array_key_first()
#0 /var/www/html/codeigniter/system/Debug/Toolbar.php(275): CodeIgniter\Debug\Toolbar->structureTimelineData(Array)
#1 /var/www/html/codeigniter/system/Debug/Toolbar.php(170): CodeIgniter\Debug\Toolbar->collectTimelineData(Array)
#2 /var/www/html/codeigniter/system/Debug/Toolbar/Views/toolbar.tpl.php(96): CodeIgniter\Debug\Toolbar->renderTimeline(Array, 1643793788.9446, 4, 10, Array)
#3 /var/www/html/codeigniter/system/Debug/Toolbar.php(501): include('/var/www/html/c...')
#4 /var/www/html/codeigniter/system/Debug/Toolbar.php(464): CodeIgniter\Debug\Toolbar->format(Array, 'html')
#5 /var/www/html/codeigniter/app/Config/Events.php(48): CodeIgniter\Debug\Toolbar->respond()
#6 /var/www/html/codeigniter/system/Events/Events.php(149): CodeIgniter\Events\Events::Config\{closure}()
#7 /var/www/html/codeigniter/system/CodeIgniter.php(302): CodeIgniter\Events\Events::trigger('pre_system')
#8 /var/www/html/codeigniter/index.php(37): CodeIgniter\CodeIgniter->run()
#9 {main}
CRITICAL - 2022-02-02 03:23:09 --> Uncaught ErrorException: setcookie() expects parameter 3 to be integer, array given in /var/www/html/codeigniter/system/HTTP/ResponseTrait.php:743
Stack trace:
#0 [internal function]: CodeIgniter\Debug\Exceptions->errorHandler(2, 'setcookie() exp...', '/var/www/html/c...', 743, Array)
#1 /var/www/html/codeigniter/system/HTTP/ResponseTrait.php(743): setcookie('csrf_cookie_nam...', 'bb2e650f9835e62...', Array)
#2 /var/www/html/codeigniter/system/HTTP/ResponseTrait.php(719): CodeIgniter\HTTP\Response->doSetCookie('csrf_cookie_nam...', 'bb2e650f9835e62...', Array)
#3 /var/www/html/codeigniter/system/HTTP/ResponseTrait.php(699): CodeIgniter\HTTP\Response->dispatchCookies()
#4 /var/www/html/codeigniter/system/HTTP/ResponseTrait.php(443): CodeIgniter\HTTP\Response->sendCookies()
#5 /var/www/html/codeigniter/system/Debug/Exceptions.php(115): CodeIgniter\HTTP\Response->send()
#6 [internal function]: CodeIgniter\Debug\Exceptions->exceptionHandler(Object(Error))
#7 {main}
  thrown
#0 [internal function]: CodeIgniter\Debug\Exceptions->shutdownHandler()
#1 {main}
CRITICAL - 2022-02-02 03:23:13 --> Call to undefined function CodeIgniter\Debug\array_key_first()
#0 /var/www/html/codeigniter/system/Debug/Toolbar.php(275): CodeIgniter\Debug\Toolbar->structureTimelineData(Array)
#1 /var/www/html/codeigniter/system/Debug/Toolbar.php(170): CodeIgniter\Debug\Toolbar->collectTimelineData(Array)
#2 /var/www/html/codeigniter/system/Debug/Toolbar/Views/toolbar.tpl.php(96): CodeIgniter\Debug\Toolbar->renderTimeline(Array, 1643793793.033, 2, 5, Array)
#3 /var/www/html/codeigniter/system/Debug/Toolbar.php(501): include('/var/www/html/c...')
#4 /var/www/html/codeigniter/system/Debug/Toolbar.php(464): CodeIgniter\Debug\Toolbar->format(Array, 'html')
#5 /var/www/html/codeigniter/app/Config/Events.php(48): CodeIgniter\Debug\Toolbar->respond()
#6 /var/www/html/codeigniter/system/Events/Events.php(149): CodeIgniter\Events\Events::Config\{closure}()
#7 /var/www/html/codeigniter/system/CodeIgniter.php(302): CodeIgniter\Events\Events::trigger('pre_system')
#8 /var/www/html/codeigniter/index.php(37): CodeIgniter\CodeIgniter->run()
#9 {main}
CRITICAL - 2022-02-02 03:23:13 --> Uncaught ErrorException: setcookie() expects parameter 3 to be integer, array given in /var/www/html/codeigniter/system/HTTP/ResponseTrait.php:743
Stack trace:
#0 [internal function]: CodeIgniter\Debug\Exceptions->errorHandler(2, 'setcookie() exp...', '/var/www/html/c...', 743, Array)
#1 /var/www/html/codeigniter/system/HTTP/ResponseTrait.php(743): setcookie('csrf_cookie_nam...', '5626ddbd1e44217...', Array)
#2 /var/www/html/codeigniter/system/HTTP/ResponseTrait.php(719): CodeIgniter\HTTP\Response->doSetCookie('csrf_cookie_nam...', '5626ddbd1e44217...', Array)
#3 /var/www/html/codeigniter/system/HTTP/ResponseTrait.php(699): CodeIgniter\HTTP\Response->dispatchCookies()
#4 /var/www/html/codeigniter/system/HTTP/ResponseTrait.php(443): CodeIgniter\HTTP\Response->sendCookies()
#5 /var/www/html/codeigniter/system/Debug/Exceptions.php(115): CodeIgniter\HTTP\Response->send()
#6 [internal function]: CodeIgniter\Debug\Exceptions->exceptionHandler(Object(Error))
#7 {main}
  thrown
#0 [internal function]: CodeIgniter\Debug\Exceptions->shutdownHandler()
#1 {main}
CRITICAL - 2022-02-02 03:23:33 --> Call to undefined function CodeIgniter\Debug\array_key_first()
#0 /var/www/html/codeigniter/system/Debug/Toolbar.php(275): CodeIgniter\Debug\Toolbar->structureTimelineData(Array)
#1 /var/www/html/codeigniter/system/Debug/Toolbar.php(170): CodeIgniter\Debug\Toolbar->collectTimelineData(Array)
#2 /var/www/html/codeigniter/system/Debug/Toolbar/Views/toolbar.tpl.php(96): CodeIgniter\Debug\Toolbar->renderTimeline(Array, 1643793812.8089, 2, 5, Array)
#3 /var/www/html/codeigniter/system/Debug/Toolbar.php(501): include('/var/www/html/c...')
#4 /var/www/html/codeigniter/system/Debug/Toolbar.php(464): CodeIgniter\Debug\Toolbar->format(Array, 'html')
#5 /var/www/html/codeigniter/app/Config/Events.php(48): CodeIgniter\Debug\Toolbar->respond()
#6 /var/www/html/codeigniter/system/Events/Events.php(149): CodeIgniter\Events\Events::Config\{closure}()
#7 /var/www/html/codeigniter/system/CodeIgniter.php(302): CodeIgniter\Events\Events::trigger('pre_system')
#8 /var/www/html/codeigniter/index.php(37): CodeIgniter\CodeIgniter->run()
#9 {main}
CRITICAL - 2022-02-02 03:23:33 --> Uncaught ErrorException: setcookie() expects parameter 3 to be integer, array given in /var/www/html/codeigniter/system/HTTP/ResponseTrait.php:743
Stack trace:
#0 [internal function]: CodeIgniter\Debug\Exceptions->errorHandler(2, 'setcookie() exp...', '/var/www/html/c...', 743, Array)
#1 /var/www/html/codeigniter/system/HTTP/ResponseTrait.php(743): setcookie('csrf_cookie_nam...', '7bce9b21a0ab410...', Array)
#2 /var/www/html/codeigniter/system/HTTP/ResponseTrait.php(719): CodeIgniter\HTTP\Response->doSetCookie('csrf_cookie_nam...', '7bce9b21a0ab410...', Array)
#3 /var/www/html/codeigniter/system/HTTP/ResponseTrait.php(699): CodeIgniter\HTTP\Response->dispatchCookies()
#4 /var/www/html/codeigniter/system/HTTP/ResponseTrait.php(443): CodeIgniter\HTTP\Response->sendCookies()
#5 /var/www/html/codeigniter/system/Debug/Exceptions.php(115): CodeIgniter\HTTP\Response->send()
#6 [internal function]: CodeIgniter\Debug\Exceptions->exceptionHandler(Object(Error))
#7 {main}
  thrown
#0 [internal function]: CodeIgniter\Debug\Exceptions->shutdownHandler()
#1 {main}
CRITICAL - 2022-02-02 03:24:07 --> Call to undefined function CodeIgniter\Database\array_key_first()
#0 /var/www/html/codeigniter/system/Database/Query.php(150): CodeIgniter\Database\Query->compileBinds()
#1 /var/www/html/codeigniter/system/Database/BaseConnection.php(598): CodeIgniter\Database\Query->getQuery()
#2 /var/www/html/codeigniter/system/Database/BaseBuilder.php(1771): CodeIgniter\Database\BaseConnection->query('INSERT INTO `st...', Array, false)
#3 /var/www/html/codeigniter/system/Model.php(239): CodeIgniter\Database\BaseBuilder->insert()
#4 /var/www/html/codeigniter/system/BaseModel.php(738): CodeIgniter\Model->doInsert(Array)
#5 /var/www/html/codeigniter/system/Model.php(625): CodeIgniter\BaseModel->insert(Array, true)
#6 /var/www/html/codeigniter/app/Models/StudentModel.php(19): CodeIgniter\Model->insert(Array)
#7 /var/www/html/codeigniter/app/Controllers/Crud.php(29): App\Models\StudentModel->addnewStudent(Array)
#8 /var/www/html/codeigniter/system/CodeIgniter.php(825): App\Controllers\Crud->store()
#9 /var/www/html/codeigniter/system/CodeIgniter.php(412): CodeIgniter\CodeIgniter->runController(Object(App\Controllers\Crud))
#10 /var/www/html/codeigniter/system/CodeIgniter.php(320): CodeIgniter\CodeIgniter->handleRequest(NULL, Object(Config\Cache), false)
#11 /var/www/html/codeigniter/index.php(37): CodeIgniter\CodeIgniter->run()
#12 {main}
CRITICAL - 2022-02-02 03:24:19 --> Call to undefined function CodeIgniter\Debug\array_key_first()
#0 /var/www/html/codeigniter/system/Debug/Toolbar.php(275): CodeIgniter\Debug\Toolbar->structureTimelineData(Array)
#1 /var/www/html/codeigniter/system/Debug/Toolbar.php(170): CodeIgniter\Debug\Toolbar->collectTimelineData(Array)
#2 /var/www/html/codeigniter/system/Debug/Toolbar/Views/toolbar.tpl.php(96): CodeIgniter\Debug\Toolbar->renderTimeline(Array, 1643793859.1665, 1, 5, Array)
#3 /var/www/html/codeigniter/system/Debug/Toolbar.php(501): include('/var/www/html/c...')
#4 /var/www/html/codeigniter/system/Debug/Toolbar.php(464): CodeIgniter\Debug\Toolbar->format(Array, 'html')
#5 /var/www/html/codeigniter/app/Config/Events.php(48): CodeIgniter\Debug\Toolbar->respond()
#6 /var/www/html/codeigniter/system/Events/Events.php(149): CodeIgniter\Events\Events::Config\{closure}()
#7 /var/www/html/codeigniter/system/CodeIgniter.php(302): CodeIgniter\Events\Events::trigger('pre_system')
#8 /var/www/html/codeigniter/index.php(37): CodeIgniter\CodeIgniter->run()
#9 {main}
CRITICAL - 2022-02-02 03:24:19 --> Uncaught ErrorException: setcookie() expects parameter 3 to be integer, array given in /var/www/html/codeigniter/system/HTTP/ResponseTrait.php:743
Stack trace:
#0 [internal function]: CodeIgniter\Debug\Exceptions->errorHandler(2, 'setcookie() exp...', '/var/www/html/c...', 743, Array)
#1 /var/www/html/codeigniter/system/HTTP/ResponseTrait.php(743): setcookie('csrf_cookie_nam...', '0d45037456acf5e...', Array)
#2 /var/www/html/codeigniter/system/HTTP/ResponseTrait.php(719): CodeIgniter\HTTP\Response->doSetCookie('csrf_cookie_nam...', '0d45037456acf5e...', Array)
#3 /var/www/html/codeigniter/system/HTTP/ResponseTrait.php(699): CodeIgniter\HTTP\Response->dispatchCookies()
#4 /var/www/html/codeigniter/system/HTTP/ResponseTrait.php(443): CodeIgniter\HTTP\Response->sendCookies()
#5 /var/www/html/codeigniter/system/Debug/Exceptions.php(115): CodeIgniter\HTTP\Response->send()
#6 [internal function]: CodeIgniter\Debug\Exceptions->exceptionHandler(Object(Error))
#7 {main}
  thrown
#0 [internal function]: CodeIgniter\Debug\Exceptions->shutdownHandler()
#1 {main}
CRITICAL - 2022-02-02 03:24:56 --> Call to undefined function CodeIgniter\Debug\array_key_first()
#0 /var/www/html/codeigniter/system/Debug/Toolbar.php(275): CodeIgniter\Debug\Toolbar->structureTimelineData(Array)
#1 /var/www/html/codeigniter/system/Debug/Toolbar.php(170): CodeIgniter\Debug\Toolbar->collectTimelineData(Array)
#2 /var/www/html/codeigniter/system/Debug/Toolbar/Views/toolbar.tpl.php(96): CodeIgniter\Debug\Toolbar->renderTimeline(Array, 1643793896.3486, 2, 5, Array)
#3 /var/www/html/codeigniter/system/Debug/Toolbar.php(501): include('/var/www/html/c...')
#4 /var/www/html/codeigniter/system/Debug/Toolbar.php(464): CodeIgniter\Debug\Toolbar->format(Array, 'html')
#5 /var/www/html/codeigniter/app/Config/Events.php(48): CodeIgniter\Debug\Toolbar->respond()
#6 /var/www/html/codeigniter/system/Events/Events.php(149): CodeIgniter\Events\Events::Config\{closure}()
#7 /var/www/html/codeigniter/system/CodeIgniter.php(302): CodeIgniter\Events\Events::trigger('pre_system')
#8 /var/www/html/codeigniter/index.php(37): CodeIgniter\CodeIgniter->run()
#9 {main}
CRITICAL - 2022-02-02 03:24:56 --> Uncaught ErrorException: setcookie() expects parameter 3 to be integer, array given in /var/www/html/codeigniter/system/HTTP/ResponseTrait.php:743
Stack trace:
#0 [internal function]: CodeIgniter\Debug\Exceptions->errorHandler(2, 'setcookie() exp...', '/var/www/html/c...', 743, Array)
#1 /var/www/html/codeigniter/system/HTTP/ResponseTrait.php(743): setcookie('csrf_cookie_nam...', '2fc90cd8121c78b...', Array)
#2 /var/www/html/codeigniter/system/HTTP/ResponseTrait.php(719): CodeIgniter\HTTP\Response->doSetCookie('csrf_cookie_nam...', '2fc90cd8121c78b...', Array)
#3 /var/www/html/codeigniter/system/HTTP/ResponseTrait.php(699): CodeIgniter\HTTP\Response->dispatchCookies()
#4 /var/www/html/codeigniter/system/HTTP/ResponseTrait.php(443): CodeIgniter\HTTP\Response->sendCookies()
#5 /var/www/html/codeigniter/system/Debug/Exceptions.php(115): CodeIgniter\HTTP\Response->send()
#6 [internal function]: CodeIgniter\Debug\Exceptions->exceptionHandler(Object(Error))
#7 {main}
  thrown
#0 [internal function]: CodeIgniter\Debug\Exceptions->shutdownHandler()
#1 {main}
CRITICAL - 2022-02-02 03:24:57 --> Call to undefined function CodeIgniter\Debug\array_key_first()
#0 /var/www/html/codeigniter/system/Debug/Toolbar.php(275): CodeIgniter\Debug\Toolbar->structureTimelineData(Array)
#1 /var/www/html/codeigniter/system/Debug/Toolbar.php(170): CodeIgniter\Debug\Toolbar->collectTimelineData(Array)
#2 /var/www/html/codeigniter/system/Debug/Toolbar/Views/toolbar.tpl.php(96): CodeIgniter\Debug\Toolbar->renderTimeline(Array, 1643793897.6963, 2, 5, Array)
#3 /var/www/html/codeigniter/system/Debug/Toolbar.php(501): include('/var/www/html/c...')
#4 /var/www/html/codeigniter/system/Debug/Toolbar.php(464): CodeIgniter\Debug\Toolbar->format(Array, 'html')
#5 /var/www/html/codeigniter/app/Config/Events.php(48): CodeIgniter\Debug\Toolbar->respond()
#6 /var/www/html/codeigniter/system/Events/Events.php(149): CodeIgniter\Events\Events::Config\{closure}()
#7 /var/www/html/codeigniter/system/CodeIgniter.php(302): CodeIgniter\Events\Events::trigger('pre_system')
#8 /var/www/html/codeigniter/index.php(37): CodeIgniter\CodeIgniter->run()
#9 {main}
CRITICAL - 2022-02-02 03:24:57 --> Uncaught ErrorException: setcookie() expects parameter 3 to be integer, array given in /var/www/html/codeigniter/system/HTTP/ResponseTrait.php:743
Stack trace:
#0 [internal function]: CodeIgniter\Debug\Exceptions->errorHandler(2, 'setcookie() exp...', '/var/www/html/c...', 743, Array)
#1 /var/www/html/codeigniter/system/HTTP/ResponseTrait.php(743): setcookie('csrf_cookie_nam...', 'e9f34d226f7488a...', Array)
#2 /var/www/html/codeigniter/system/HTTP/ResponseTrait.php(719): CodeIgniter\HTTP\Response->doSetCookie('csrf_cookie_nam...', 'e9f34d226f7488a...', Array)
#3 /var/www/html/codeigniter/system/HTTP/ResponseTrait.php(699): CodeIgniter\HTTP\Response->dispatchCookies()
#4 /var/www/html/codeigniter/system/HTTP/ResponseTrait.php(443): CodeIgniter\HTTP\Response->sendCookies()
#5 /var/www/html/codeigniter/system/Debug/Exceptions.php(115): CodeIgniter\HTTP\Response->send()
#6 [internal function]: CodeIgniter\Debug\Exceptions->exceptionHandler(Object(Error))
#7 {main}
  thrown
#0 [internal function]: CodeIgniter\Debug\Exceptions->shutdownHandler()
#1 {main}
CRITICAL - 2022-02-02 03:24:58 --> Call to undefined function CodeIgniter\Debug\array_key_first()
#0 /var/www/html/codeigniter/system/Debug/Toolbar.php(275): CodeIgniter\Debug\Toolbar->structureTimelineData(Array)
#1 /var/www/html/codeigniter/system/Debug/Toolbar.php(170): CodeIgniter\Debug\Toolbar->collectTimelineData(Array)
#2 /var/www/html/codeigniter/system/Debug/Toolbar/Views/toolbar.tpl.php(96): CodeIgniter\Debug\Toolbar->renderTimeline(Array, 1643793898.6138, 2, 5, Array)
#3 /var/www/html/codeigniter/system/Debug/Toolbar.php(501): include('/var/www/html/c...')
#4 /var/www/html/codeigniter/system/Debug/Toolbar.php(464): CodeIgniter\Debug\Toolbar->format(Array, 'html')
#5 /var/www/html/codeigniter/app/Config/Events.php(48): CodeIgniter\Debug\Toolbar->respond()
#6 /var/www/html/codeigniter/system/Events/Events.php(149): CodeIgniter\Events\Events::Config\{closure}()
#7 /var/www/html/codeigniter/system/CodeIgniter.php(302): CodeIgniter\Events\Events::trigger('pre_system')
#8 /var/www/html/codeigniter/index.php(37): CodeIgniter\CodeIgniter->run()
#9 {main}
CRITICAL - 2022-02-02 03:24:58 --> Uncaught ErrorException: setcookie() expects parameter 3 to be integer, array given in /var/www/html/codeigniter/system/HTTP/ResponseTrait.php:743
Stack trace:
#0 [internal function]: CodeIgniter\Debug\Exceptions->errorHandler(2, 'setcookie() exp...', '/var/www/html/c...', 743, Array)
#1 /var/www/html/codeigniter/system/HTTP/ResponseTrait.php(743): setcookie('csrf_cookie_nam...', 'a71c8c2035a24d2...', Array)
#2 /var/www/html/codeigniter/system/HTTP/ResponseTrait.php(719): CodeIgniter\HTTP\Response->doSetCookie('csrf_cookie_nam...', 'a71c8c2035a24d2...', Array)
#3 /var/www/html/codeigniter/system/HTTP/ResponseTrait.php(699): CodeIgniter\HTTP\Response->dispatchCookies()
#4 /var/www/html/codeigniter/system/HTTP/ResponseTrait.php(443): CodeIgniter\HTTP\Response->sendCookies()
#5 /var/www/html/codeigniter/system/Debug/Exceptions.php(115): CodeIgniter\HTTP\Response->send()
#6 [internal function]: CodeIgniter\Debug\Exceptions->exceptionHandler(Object(Error))
#7 {main}
  thrown
#0 [internal function]: CodeIgniter\Debug\Exceptions->shutdownHandler()
#1 {main}
CRITICAL - 2022-02-02 03:25:00 --> Call to undefined function CodeIgniter\Debug\array_key_first()
#0 /var/www/html/codeigniter/system/Debug/Toolbar.php(275): CodeIgniter\Debug\Toolbar->structureTimelineData(Array)
#1 /var/www/html/codeigniter/system/Debug/Toolbar.php(170): CodeIgniter\Debug\Toolbar->collectTimelineData(Array)
#2 /var/www/html/codeigniter/system/Debug/Toolbar/Views/toolbar.tpl.php(96): CodeIgniter\Debug\Toolbar->renderTimeline(Array, 1643793900.1866, 3, 5, Array)
#3 /var/www/html/codeigniter/system/Debug/Toolbar.php(501): include('/var/www/html/c...')
#4 /var/www/html/codeigniter/system/Debug/Toolbar.php(464): CodeIgniter\Debug\Toolbar->format(Array, 'html')
#5 /var/www/html/codeigniter/app/Config/Events.php(48): CodeIgniter\Debug\Toolbar->respond()
#6 /var/www/html/codeigniter/system/Events/Events.php(149): CodeIgniter\Events\Events::Config\{closure}()
#7 /var/www/html/codeigniter/system/CodeIgniter.php(302): CodeIgniter\Events\Events::trigger('pre_system')
#8 /var/www/html/codeigniter/index.php(37): CodeIgniter\CodeIgniter->run()
#9 {main}
CRITICAL - 2022-02-02 03:25:00 --> Uncaught ErrorException: setcookie() expects parameter 3 to be integer, array given in /var/www/html/codeigniter/system/HTTP/ResponseTrait.php:743
Stack trace:
#0 [internal function]: CodeIgniter\Debug\Exceptions->errorHandler(2, 'setcookie() exp...', '/var/www/html/c...', 743, Array)
#1 /var/www/html/codeigniter/system/HTTP/ResponseTrait.php(743): setcookie('csrf_cookie_nam...', 'edbfaad17108472...', Array)
#2 /var/www/html/codeigniter/system/HTTP/ResponseTrait.php(719): CodeIgniter\HTTP\Response->doSetCookie('csrf_cookie_nam...', 'edbfaad17108472...', Array)
#3 /var/www/html/codeigniter/system/HTTP/ResponseTrait.php(699): CodeIgniter\HTTP\Response->dispatchCookies()
#4 /var/www/html/codeigniter/system/HTTP/ResponseTrait.php(443): CodeIgniter\HTTP\Response->sendCookies()
#5 /var/www/html/codeigniter/system/Debug/Exceptions.php(115): CodeIgniter\HTTP\Response->send()
#6 [internal function]: CodeIgniter\Debug\Exceptions->exceptionHandler(Object(Error))
#7 {main}
  thrown
#0 [internal function]: CodeIgniter\Debug\Exceptions->shutdownHandler()
#1 {main}
CRITICAL - 2022-02-02 03:26:20 --> Call to undefined function CodeIgniter\Debug\array_key_first()
#0 /var/www/html/codeigniter/system/Debug/Toolbar.php(275): CodeIgniter\Debug\Toolbar->structureTimelineData(Array)
#1 /var/www/html/codeigniter/system/Debug/Toolbar.php(170): CodeIgniter\Debug\Toolbar->collectTimelineData(Array)
#2 /var/www/html/codeigniter/system/Debug/Toolbar/Views/toolbar.tpl.php(96): CodeIgniter\Debug\Toolbar->renderTimeline(Array, 1643793980.2186, 2, 5, Array)
#3 /var/www/html/codeigniter/system/Debug/Toolbar.php(501): include('/var/www/html/c...')
#4 /var/www/html/codeigniter/system/Debug/Toolbar.php(464): CodeIgniter\Debug\Toolbar->format(Array, 'html')
#5 /var/www/html/codeigniter/app/Config/Events.php(48): CodeIgniter\Debug\Toolbar->respond()
#6 /var/www/html/codeigniter/system/Events/Events.php(149): CodeIgniter\Events\Events::Config\{closure}()
#7 /var/www/html/codeigniter/system/CodeIgniter.php(302): CodeIgniter\Events\Events::trigger('pre_system')
#8 /var/www/html/codeigniter/index.php(37): CodeIgniter\CodeIgniter->run()
#9 {main}
CRITICAL - 2022-02-02 03:26:20 --> Uncaught ErrorException: setcookie() expects parameter 3 to be integer, array given in /var/www/html/codeigniter/system/HTTP/ResponseTrait.php:743
Stack trace:
#0 [internal function]: CodeIgniter\Debug\Exceptions->errorHandler(2, 'setcookie() exp...', '/var/www/html/c...', 743, Array)
#1 /var/www/html/codeigniter/system/HTTP/ResponseTrait.php(743): setcookie('csrf_cookie_nam...', 'c7c9a743b240be2...', Array)
#2 /var/www/html/codeigniter/system/HTTP/ResponseTrait.php(719): CodeIgniter\HTTP\Response->doSetCookie('csrf_cookie_nam...', 'c7c9a743b240be2...', Array)
#3 /var/www/html/codeigniter/system/HTTP/ResponseTrait.php(699): CodeIgniter\HTTP\Response->dispatchCookies()
#4 /var/www/html/codeigniter/system/HTTP/ResponseTrait.php(443): CodeIgniter\HTTP\Response->sendCookies()
#5 /var/www/html/codeigniter/system/Debug/Exceptions.php(115): CodeIgniter\HTTP\Response->send()
#6 [internal function]: CodeIgniter\Debug\Exceptions->exceptionHandler(Object(Error))
#7 {main}
  thrown
#0 [internal function]: CodeIgniter\Debug\Exceptions->shutdownHandler()
#1 {main}
CRITICAL - 2022-02-02 03:26:32 --> Call to undefined function CodeIgniter\Database\array_key_first()
#0 /var/www/html/codeigniter/system/Database/Query.php(150): CodeIgniter\Database\Query->compileBinds()
#1 /var/www/html/codeigniter/system/Database/BaseConnection.php(598): CodeIgniter\Database\Query->getQuery()
#2 /var/www/html/codeigniter/system/Database/BaseBuilder.php(1771): CodeIgniter\Database\BaseConnection->query('INSERT INTO `st...', Array, false)
#3 /var/www/html/codeigniter/system/Model.php(239): CodeIgniter\Database\BaseBuilder->insert()
#4 /var/www/html/codeigniter/system/BaseModel.php(738): CodeIgniter\Model->doInsert(Array)
#5 /var/www/html/codeigniter/system/Model.php(625): CodeIgniter\BaseModel->insert(Array, true)
#6 /var/www/html/codeigniter/app/Models/StudentModel.php(19): CodeIgniter\Model->insert(Array)
#7 /var/www/html/codeigniter/app/Controllers/Crud.php(29): App\Models\StudentModel->addnewStudent(Array)
#8 /var/www/html/codeigniter/system/CodeIgniter.php(825): App\Controllers\Crud->store()
#9 /var/www/html/codeigniter/system/CodeIgniter.php(412): CodeIgniter\CodeIgniter->runController(Object(App\Controllers\Crud))
#10 /var/www/html/codeigniter/system/CodeIgniter.php(320): CodeIgniter\CodeIgniter->handleRequest(NULL, Object(Config\Cache), false)
#11 /var/www/html/codeigniter/index.php(37): CodeIgniter\CodeIgniter->run()
#12 {main}
CRITICAL - 2022-02-02 03:33:53 --> Call to undefined function CodeIgniter\Debug\array_key_first()
#0 /var/www/html/codeigniter/system/Debug/Toolbar.php(275): CodeIgniter\Debug\Toolbar->structureTimelineData(Array)
#1 /var/www/html/codeigniter/system/Debug/Toolbar.php(170): CodeIgniter\Debug\Toolbar->collectTimelineData(Array)
#2 /var/www/html/codeigniter/system/Debug/Toolbar/Views/toolbar.tpl.php(96): CodeIgniter\Debug\Toolbar->renderTimeline(Array, 1643794433.2769, 2, 5, Array)
#3 /var/www/html/codeigniter/system/Debug/Toolbar.php(501): include('/var/www/html/c...')
#4 /var/www/html/codeigniter/system/Debug/Toolbar.php(464): CodeIgniter\Debug\Toolbar->format(Array, 'html')
#5 /var/www/html/codeigniter/app/Config/Events.php(48): CodeIgniter\Debug\Toolbar->respond()
#6 /var/www/html/codeigniter/system/Events/Events.php(149): CodeIgniter\Events\Events::Config\{closure}()
#7 /var/www/html/codeigniter/system/CodeIgniter.php(302): CodeIgniter\Events\Events::trigger('pre_system')
#8 /var/www/html/codeigniter/index.php(37): CodeIgniter\CodeIgniter->run()
#9 {main}
CRITICAL - 2022-02-02 03:33:53 --> Uncaught ErrorException: setcookie() expects parameter 3 to be integer, array given in /var/www/html/codeigniter/system/HTTP/ResponseTrait.php:743
Stack trace:
#0 [internal function]: CodeIgniter\Debug\Exceptions->errorHandler(2, 'setcookie() exp...', '/var/www/html/c...', 743, Array)
#1 /var/www/html/codeigniter/system/HTTP/ResponseTrait.php(743): setcookie('csrf_cookie_nam...', '2ccb219cb551c13...', Array)
#2 /var/www/html/codeigniter/system/HTTP/ResponseTrait.php(719): CodeIgniter\HTTP\Response->doSetCookie('csrf_cookie_nam...', '2ccb219cb551c13...', Array)
#3 /var/www/html/codeigniter/system/HTTP/ResponseTrait.php(699): CodeIgniter\HTTP\Response->dispatchCookies()
#4 /var/www/html/codeigniter/system/HTTP/ResponseTrait.php(443): CodeIgniter\HTTP\Response->sendCookies()
#5 /var/www/html/codeigniter/system/Debug/Exceptions.php(115): CodeIgniter\HTTP\Response->send()
#6 [internal function]: CodeIgniter\Debug\Exceptions->exceptionHandler(Object(Error))
#7 {main}
  thrown
#0 [internal function]: CodeIgniter\Debug\Exceptions->shutdownHandler()
#1 {main}
CRITICAL - 2022-02-02 03:34:07 --> Call to undefined function CodeIgniter\Debug\array_key_first()
#0 /var/www/html/codeigniter/system/Debug/Toolbar.php(275): CodeIgniter\Debug\Toolbar->structureTimelineData(Array)
#1 /var/www/html/codeigniter/system/Debug/Toolbar.php(170): CodeIgniter\Debug\Toolbar->collectTimelineData(Array)
#2 /var/www/html/codeigniter/system/Debug/Toolbar/Views/toolbar.tpl.php(96): CodeIgniter\Debug\Toolbar->renderTimeline(Array, 1643794447.5836, 2, 5, Array)
#3 /var/www/html/codeigniter/system/Debug/Toolbar.php(501): include('/var/www/html/c...')
#4 /var/www/html/codeigniter/system/Debug/Toolbar.php(464): CodeIgniter\Debug\Toolbar->format(Array, 'html')
#5 /var/www/html/codeigniter/app/Config/Events.php(48): CodeIgniter\Debug\Toolbar->respond()
#6 /var/www/html/codeigniter/system/Events/Events.php(149): CodeIgniter\Events\Events::Config\{closure}()
#7 /var/www/html/codeigniter/system/CodeIgniter.php(302): CodeIgniter\Events\Events::trigger('pre_system')
#8 /var/www/html/codeigniter/index.php(37): CodeIgniter\CodeIgniter->run()
#9 {main}
CRITICAL - 2022-02-02 03:34:07 --> Uncaught ErrorException: setcookie() expects parameter 3 to be integer, array given in /var/www/html/codeigniter/system/HTTP/ResponseTrait.php:743
Stack trace:
#0 [internal function]: CodeIgniter\Debug\Exceptions->errorHandler(2, 'setcookie() exp...', '/var/www/html/c...', 743, Array)
#1 /var/www/html/codeigniter/system/HTTP/ResponseTrait.php(743): setcookie('csrf_cookie_nam...', '458779279659646...', Array)
#2 /var/www/html/codeigniter/system/HTTP/ResponseTrait.php(719): CodeIgniter\HTTP\Response->doSetCookie('csrf_cookie_nam...', '458779279659646...', Array)
#3 /var/www/html/codeigniter/system/HTTP/ResponseTrait.php(699): CodeIgniter\HTTP\Response->dispatchCookies()
#4 /var/www/html/codeigniter/system/HTTP/ResponseTrait.php(443): CodeIgniter\HTTP\Response->sendCookies()
#5 /var/www/html/codeigniter/system/Debug/Exceptions.php(115): CodeIgniter\HTTP\Response->send()
#6 [internal function]: CodeIgniter\Debug\Exceptions->exceptionHandler(Object(Error))
#7 {main}
  thrown
#0 [internal function]: CodeIgniter\Debug\Exceptions->shutdownHandler()
#1 {main}
CRITICAL - 2022-02-02 03:34:13 --> Call to undefined function CodeIgniter\Database\array_key_first()
#0 /var/www/html/codeigniter/system/Database/Query.php(150): CodeIgniter\Database\Query->compileBinds()
#1 /var/www/html/codeigniter/system/Database/BaseConnection.php(598): CodeIgniter\Database\Query->getQuery()
#2 /var/www/html/codeigniter/system/Database/BaseBuilder.php(2225): CodeIgniter\Database\BaseConnection->query('DELETE FROM `st...', Array, false)
#3 /var/www/html/codeigniter/system/Model.php(359): CodeIgniter\Database\BaseBuilder->delete()
#4 /var/www/html/codeigniter/system/BaseModel.php(963): CodeIgniter\Model->doDelete(NULL, false)
#5 /var/www/html/codeigniter/app/Models/StudentModel.php(28): CodeIgniter\BaseModel->delete()
#6 /var/www/html/codeigniter/app/Controllers/Crud.php(54): App\Models\StudentModel->deleteStudentWhere('delete')
#7 /var/www/html/codeigniter/system/CodeIgniter.php(825): App\Controllers\Crud->delete('26')
#8 /var/www/html/codeigniter/system/CodeIgniter.php(412): CodeIgniter\CodeIgniter->runController(Object(App\Controllers\Crud))
#9 /var/www/html/codeigniter/system/CodeIgniter.php(320): CodeIgniter\CodeIgniter->handleRequest(NULL, Object(Config\Cache), false)
#10 /var/www/html/codeigniter/index.php(37): CodeIgniter\CodeIgniter->run()
#11 {main}
CRITICAL - 2022-02-02 09:43:24 --> The framework needs the following extension(s) installed and loaded: curl, xml.
#0 /var/www/html/codeigniter/system/CodeIgniter.php(219): CodeIgniter\Exceptions\FrameworkException::forMissingExtension()
#1 /var/www/html/codeigniter/system/CodeIgniter.php(177): CodeIgniter\CodeIgniter->resolvePlatformExtensions()
#2 /var/www/html/codeigniter/system/bootstrap.php(146): CodeIgniter\CodeIgniter->initialize()
#3 /var/www/html/codeigniter/index.php(28): require('/var/www/html/c...')
#4 {main}
CRITICAL - 2022-02-02 09:49:33 --> The framework needs the following extension(s) installed and loaded: curl, xml.
#0 /var/www/html/codeigniter/system/CodeIgniter.php(219): CodeIgniter\Exceptions\FrameworkException::forMissingExtension()
#1 /var/www/html/codeigniter/system/CodeIgniter.php(177): CodeIgniter\CodeIgniter->resolvePlatformExtensions()
#2 /var/www/html/codeigniter/system/bootstrap.php(146): CodeIgniter\CodeIgniter->initialize()
#3 /var/www/html/codeigniter/index.php(28): require('/var/www/html/c...')
#4 {main}
CRITICAL - 2022-02-02 09:49:34 --> The framework needs the following extension(s) installed and loaded: curl, xml.
#0 /var/www/html/codeigniter/system/CodeIgniter.php(219): CodeIgniter\Exceptions\FrameworkException::forMissingExtension()
#1 /var/www/html/codeigniter/system/CodeIgniter.php(177): CodeIgniter\CodeIgniter->resolvePlatformExtensions()
#2 /var/www/html/codeigniter/system/bootstrap.php(146): CodeIgniter\CodeIgniter->initialize()
#3 /var/www/html/codeigniter/index.php(28): require('/var/www/html/c...')
#4 {main}
CRITICAL - 2022-02-02 03:49:48 --> Use of undefined constant MYSQLI_STORE_RESULT - assumed 'MYSQLI_STORE_RESULT' (this will throw an Error in a future version of PHP)
#0 /var/www/html/codeigniter/system/Database/Database.php(136): CodeIgniter\Debug\Exceptions->errorHandler()
#1 /var/www/html/codeigniter/system/Database/Database.php(56): CodeIgniter\Database\Database->initDriver()
#2 /var/www/html/codeigniter/system/Database/Config.php(78): CodeIgniter\Database\Database->load()
#3 /var/www/html/codeigniter/system/Model.php(97): CodeIgniter\Database\Config::connect()
#4 /var/www/html/codeigniter/app/Controllers/Crud.php(9): CodeIgniter\Model->__construct()
#5 /var/www/html/codeigniter/system/CodeIgniter.php(802): App\Controllers\Crud->__construct()
#6 /var/www/html/codeigniter/system/CodeIgniter.php(403): CodeIgniter\CodeIgniter->createController()
#7 /var/www/html/codeigniter/system/CodeIgniter.php(320): CodeIgniter\CodeIgniter->handleRequest()
#8 /var/www/html/codeigniter/index.php(37): CodeIgniter\CodeIgniter->run()
#9 {main}
CRITICAL - 2022-02-02 03:50:16 --> Use of undefined constant MYSQLI_STORE_RESULT - assumed 'MYSQLI_STORE_RESULT' (this will throw an Error in a future version of PHP)
#0 /var/www/html/codeigniter/system/Database/Database.php(136): CodeIgniter\Debug\Exceptions->errorHandler()
#1 /var/www/html/codeigniter/system/Database/Database.php(56): CodeIgniter\Database\Database->initDriver()
#2 /var/www/html/codeigniter/system/Database/Config.php(78): CodeIgniter\Database\Database->load()
#3 /var/www/html/codeigniter/system/Model.php(97): CodeIgniter\Database\Config::connect()
#4 /var/www/html/codeigniter/app/Controllers/Crud.php(9): CodeIgniter\Model->__construct()
#5 /var/www/html/codeigniter/system/CodeIgniter.php(802): App\Controllers\Crud->__construct()
#6 /var/www/html/codeigniter/system/CodeIgniter.php(403): CodeIgniter\CodeIgniter->createController()
#7 /var/www/html/codeigniter/system/CodeIgniter.php(320): CodeIgniter\CodeIgniter->handleRequest()
#8 /var/www/html/codeigniter/index.php(37): CodeIgniter\CodeIgniter->run()
#9 {main}
CRITICAL - 2022-02-02 03:50:24 --> Use of undefined constant MYSQLI_STORE_RESULT - assumed 'MYSQLI_STORE_RESULT' (this will throw an Error in a future version of PHP)
#0 /var/www/html/codeigniter/system/Database/Database.php(136): CodeIgniter\Debug\Exceptions->errorHandler()
#1 /var/www/html/codeigniter/system/Database/Database.php(56): CodeIgniter\Database\Database->initDriver()
#2 /var/www/html/codeigniter/system/Database/Config.php(78): CodeIgniter\Database\Database->load()
#3 /var/www/html/codeigniter/system/Model.php(97): CodeIgniter\Database\Config::connect()
#4 /var/www/html/codeigniter/app/Controllers/Crud.php(9): CodeIgniter\Model->__construct()
#5 /var/www/html/codeigniter/system/CodeIgniter.php(802): App\Controllers\Crud->__construct()
#6 /var/www/html/codeigniter/system/CodeIgniter.php(403): CodeIgniter\CodeIgniter->createController()
#7 /var/www/html/codeigniter/system/CodeIgniter.php(320): CodeIgniter\CodeIgniter->handleRequest()
#8 /var/www/html/codeigniter/index.php(37): CodeIgniter\CodeIgniter->run()
#9 {main}
CRITICAL - 2022-02-02 03:50:28 --> Use of undefined constant MYSQLI_STORE_RESULT - assumed 'MYSQLI_STORE_RESULT' (this will throw an Error in a future version of PHP)
#0 /var/www/html/codeigniter/system/Database/Database.php(136): CodeIgniter\Debug\Exceptions->errorHandler()
#1 /var/www/html/codeigniter/system/Database/Database.php(56): CodeIgniter\Database\Database->initDriver()
#2 /var/www/html/codeigniter/system/Database/Config.php(78): CodeIgniter\Database\Database->load()
#3 /var/www/html/codeigniter/system/Model.php(97): CodeIgniter\Database\Config::connect()
#4 /var/www/html/codeigniter/app/Controllers/Crud.php(9): CodeIgniter\Model->__construct()
#5 /var/www/html/codeigniter/system/CodeIgniter.php(802): App\Controllers\Crud->__construct()
#6 /var/www/html/codeigniter/system/CodeIgniter.php(403): CodeIgniter\CodeIgniter->createController()
#7 /var/www/html/codeigniter/system/CodeIgniter.php(320): CodeIgniter\CodeIgniter->handleRequest()
#8 /var/www/html/codeigniter/index.php(37): CodeIgniter\CodeIgniter->run()
#9 {main}
CRITICAL - 2022-02-02 03:53:11 --> Use of undefined constant MYSQLI_STORE_RESULT - assumed 'MYSQLI_STORE_RESULT' (this will throw an Error in a future version of PHP)
#0 /var/www/html/codeigniter/system/Database/Database.php(136): CodeIgniter\Debug\Exceptions->errorHandler()
#1 /var/www/html/codeigniter/system/Database/Database.php(56): CodeIgniter\Database\Database->initDriver()
#2 /var/www/html/codeigniter/system/Database/Config.php(78): CodeIgniter\Database\Database->load()
#3 /var/www/html/codeigniter/system/Model.php(97): CodeIgniter\Database\Config::connect()
#4 /var/www/html/codeigniter/app/Controllers/Crud.php(9): CodeIgniter\Model->__construct()
#5 /var/www/html/codeigniter/system/CodeIgniter.php(802): App\Controllers\Crud->__construct()
#6 /var/www/html/codeigniter/system/CodeIgniter.php(403): CodeIgniter\CodeIgniter->createController()
#7 /var/www/html/codeigniter/system/CodeIgniter.php(320): CodeIgniter\CodeIgniter->handleRequest()
#8 /var/www/html/codeigniter/index.php(37): CodeIgniter\CodeIgniter->run()
#9 {main}
CRITICAL - 2022-02-02 03:53:12 --> Use of undefined constant MYSQLI_STORE_RESULT - assumed 'MYSQLI_STORE_RESULT' (this will throw an Error in a future version of PHP)
#0 /var/www/html/codeigniter/system/Database/Database.php(136): CodeIgniter\Debug\Exceptions->errorHandler()
#1 /var/www/html/codeigniter/system/Database/Database.php(56): CodeIgniter\Database\Database->initDriver()
#2 /var/www/html/codeigniter/system/Database/Config.php(78): CodeIgniter\Database\Database->load()
#3 /var/www/html/codeigniter/system/Model.php(97): CodeIgniter\Database\Config::connect()
#4 /var/www/html/codeigniter/app/Controllers/Crud.php(9): CodeIgniter\Model->__construct()
#5 /var/www/html/codeigniter/system/CodeIgniter.php(802): App\Controllers\Crud->__construct()
#6 /var/www/html/codeigniter/system/CodeIgniter.php(403): CodeIgniter\CodeIgniter->createController()
#7 /var/www/html/codeigniter/system/CodeIgniter.php(320): CodeIgniter\CodeIgniter->handleRequest()
#8 /var/www/html/codeigniter/index.php(37): CodeIgniter\CodeIgniter->run()
#9 {main}
CRITICAL - 2022-02-02 04:27:51 --> Trying to access array offset on value of type null
#0 /var/www/html/codeigniter/app/Views/edit.php(25): CodeIgniter\Debug\Exceptions->errorHandler()
#1 /var/www/html/codeigniter/system/View/View.php(210): include('/var/www/html/c...')
#2 /var/www/html/codeigniter/system/View/View.php(213): CodeIgniter\View\View->CodeIgniter\View\{closure}()
#3 /var/www/html/codeigniter/system/Common.php(1089): CodeIgniter\View\View->render()
#4 /var/www/html/codeigniter/app/Controllers/Crud.php(36): view()
#5 /var/www/html/codeigniter/system/CodeIgniter.php(825): App\Controllers\Crud->edit()
#6 /var/www/html/codeigniter/system/CodeIgniter.php(412): CodeIgniter\CodeIgniter->runController()
#7 /var/www/html/codeigniter/system/CodeIgniter.php(320): CodeIgniter\CodeIgniter->handleRequest()
#8 /var/www/html/codeigniter/index.php(37): CodeIgniter\CodeIgniter->run()
#9 {main}
